Traceback (most recent call last):
  File "/home/codespace/.local/lib/python3.12/site-packages/jupyter_core/utils/__init__.py", line 154, in wrapped
    asyncio.get_running_loop()
RuntimeError: no running event loop

During handling of the above exception, another exception occurred:

Traceback (most recent call last):
  File "/usr/local/python/3.12.1/lib/python3.12/site-packages/jupyter_cache/executors/utils.py", line 58, in single_nb_execution
    executenb(
  File "/home/codespace/.local/lib/python3.12/site-packages/nbclient/client.py", line 1319, in execute
    return NotebookClient(nb=nb, resources=resources, km=km, **kwargs).execute()
           ^^^^^^^^^^^^^^^^^^^^^^^^^^^^^^^^^^^^^^^^^^^^^^^^^^^^^^^^^^^^^^^^^^^^^
  File "/home/codespace/.local/lib/python3.12/site-packages/jupyter_core/utils/__init__.py", line 158, in wrapped
    return loop.run_until_complete(inner)
           ^^^^^^^^^^^^^^^^^^^^^^^^^^^^^^
  File "/usr/local/python/3.12.1/lib/python3.12/asyncio/base_events.py", line 684, in run_until_complete
    return future.result()
           ^^^^^^^^^^^^^^^
  File "/home/codespace/.local/lib/python3.12/site-packages/nbclient/client.py", line 709, in async_execute
    await self.async_execute_cell(
  File "/home/codespace/.local/lib/python3.12/site-packages/nbclient/client.py", line 1062, in async_execute_cell
    await self._check_raise_for_error(cell, cell_index, exec_reply)
  File "/home/codespace/.local/lib/python3.12/site-packages/nbclient/client.py", line 918, in _check_raise_for_error
    raise CellExecutionError.from_cell_and_msg(cell, exec_reply_content)
nbclient.exceptions.CellExecutionError: An error occurred while executing the following cell:
------------------
import pandas as pd
import ast
from gensim.models import Word2Vec
------------------


[31m---------------------------------------------------------------------------[39m
[31mValueError[39m                                Traceback (most recent call last)
[36mCell[39m[36m [39m[32mIn[7][39m[32m, line 3[39m
[32m      1[39m [38;5;28;01mimport[39;00m[38;5;250m [39m[34;01mpandas[39;00m[38;5;250m [39m[38;5;28;01mas[39;00m[38;5;250m [39m[34;01mpd[39;00m
[32m      2[39m [38;5;28;01mimport[39;00m[38;5;250m [39m[34;01mast[39;00m
[32m----> [39m[32m3[39m [38;5;28;01mfrom[39;00m[38;5;250m [39m[34;01mgensim[39;00m[34;01m.[39;00m[34;01mmodels[39;00m[38;5;250m [39m[38;5;28;01mimport[39;00m Word2Vec

[36mFile [39m[32m/usr/local/python/3.12.1/lib/python3.12/site-packages/gensim/__init__.py:11[39m
[32m      7[39m __version__ = [33m'[39m[33m4.3.3[39m[33m'[39m
[32m      9[39m [38;5;28;01mimport[39;00m[38;5;250m [39m[34;01mlogging[39;00m
[32m---> [39m[32m11[39m [38;5;28;01mfrom[39;00m[38;5;250m [39m[34;01mgensim[39;00m[38;5;250m [39m[38;5;28;01mimport[39;00m parsing, corpora, matutils, interfaces, models, similarities, utils  [38;5;66;03m# noqa:F401[39;00m
[32m     14[39m logger = logging.getLogger([33m'[39m[33mgensim[39m[33m'[39m)
[32m     15[39m [38;5;28;01mif[39;00m [38;5;129;01mnot[39;00m logger.handlers:  [38;5;66;03m# To ensure reload() doesn't add another one[39;00m

[36mFile [39m[32m/usr/local/python/3.12.1/lib/python3.12/site-packages/gensim/corpora/__init__.py:6[39m
[32m      1[39m [33;03m"""[39;00m
[32m      2[39m [33;03mThis package contains implementations of various streaming corpus I/O format.[39;00m
[32m      3[39m [33;03m"""[39;00m
[32m      5[39m [38;5;66;03m# bring corpus classes directly into package namespace, to save some typing[39;00m
[32m----> [39m[32m6[39m [38;5;28;01mfrom[39;00m[38;5;250m [39m[34;01m.[39;00m[34;01mindexedcorpus[39;00m[38;5;250m [39m[38;5;28;01mimport[39;00m IndexedCorpus  [38;5;66;03m# noqa:F401 must appear before the other classes[39;00m
[32m      8[39m [38;5;28;01mfrom[39;00m[38;5;250m [39m[34;01m.[39;00m[34;01mmmcorpus[39;00m[38;5;250m [39m[38;5;28;01mimport[39;00m MmCorpus  [38;5;66;03m# noqa:F401[39;00m
[32m      9[39m [38;5;28;01mfrom[39;00m[38;5;250m [39m[34;01m.[39;00m[34;01mbleicorpus[39;00m[38;5;250m [39m[38;5;28;01mimport[39;00m BleiCorpus  [38;5;66;03m# noqa:F401[39;00m

[36mFile [39m[32m/usr/local/python/3.12.1/lib/python3.12/site-packages/gensim/corpora/indexedcorpus.py:14[39m
[32m     10[39m [38;5;28;01mimport[39;00m[38;5;250m [39m[34;01mlogging[39;00m
[32m     12[39m [38;5;28;01mimport[39;00m[38;5;250m [39m[34;01mnumpy[39;00m
[32m---> [39m[32m14[39m [38;5;28;01mfrom[39;00m[38;5;250m [39m[34;01mgensim[39;00m[38;5;250m [39m[38;5;28;01mimport[39;00m interfaces, utils
[32m     16[39m logger = logging.getLogger([34m__name__[39m)
[32m     19[39m [38;5;28;01mclass[39;00m[38;5;250m [39m[34;01mIndexedCorpus[39;00m(interfaces.CorpusABC):

[36mFile [39m[32m/usr/local/python/3.12.1/lib/python3.12/site-packages/gensim/interfaces.py:19[39m
[32m      7[39m [33;03m"""Basic interfaces used across the whole Gensim package.[39;00m
[32m      8[39m 
[32m      9[39m [33;03mThese interfaces are used for building corpora, model transformation and similarity queries.[39;00m
[32m   (...)[39m[32m     14[39m 
[32m     15[39m [33;03m"""[39;00m
[32m     17[39m [38;5;28;01mimport[39;00m[38;5;250m [39m[34;01mlogging[39;00m
[32m---> [39m[32m19[39m [38;5;28;01mfrom[39;00m[38;5;250m [39m[34;01mgensim[39;00m[38;5;250m [39m[38;5;28;01mimport[39;00m utils, matutils
[32m     22[39m logger = logging.getLogger([34m__name__[39m)
[32m     25[39m [38;5;28;01mclass[39;00m[38;5;250m [39m[34;01mCorpusABC[39;00m(utils.SaveLoad):

[36mFile [39m[32m/usr/local/python/3.12.1/lib/python3.12/site-packages/gensim/matutils.py:1034[39m
[32m   1029[39m     [38;5;28;01mreturn[39;00m [32m1.[39m - [38;5;28mfloat[39m([38;5;28mlen[39m(set1 & set2)) / [38;5;28mfloat[39m(union_cardinality)
[32m   1032[39m [38;5;28;01mtry[39;00m:
[32m   1033[39m     [38;5;66;03m# try to load fast, cythonized code if possible[39;00m
[32m-> [39m[32m1034[39m     [38;5;28;01mfrom[39;00m[38;5;250m [39m[34;01mgensim[39;00m[34;01m.[39;00m[34;01m_matutils[39;00m[38;5;250m [39m[38;5;28;01mimport[39;00m logsumexp, mean_absolute_difference, dirichlet_expectation
[32m   1036[39m [38;5;28;01mexcept[39;00m [38;5;167;01mImportError[39;00m:
[32m   1037[39m     [38;5;28;01mdef[39;00m[38;5;250m [39m[34mlogsumexp[39m(x):

[36mFile [39m[32m/usr/local/python/3.12.1/lib/python3.12/site-packages/gensim/_matutils.pyx:1[39m, in [36minit gensim._matutils[39m[34m()[39m

[31mValueError[39m: numpy.dtype size changed, may indicate binary incompatibility. Expected 96 from C header, got 88 from PyObject

